<?xml version="1.0" encoding="UTF-8"?>
<testng-results skipped="0" failed="0" total="1" passed="1">
  <reporter-output>
  </reporter-output>
  <suite name="Default suite" duration-ms="34" started-at="2022-01-23T05:29:38Z" finished-at="2022-01-23T05:29:38Z">
    <groups>
    </groups>
    <test name="Default test" duration-ms="34" started-at="2022-01-23T05:29:38Z" finished-at="2022-01-23T05:29:38Z">
      <class name="org.log.TesingMaven">
        <test-method status="PASS" signature="tc1()[pri:0, instance:org.log.TesingMaven@1e67b872]" name="tc1" duration-ms="13" started-at="2022-01-23T10:59:38Z" finished-at="2022-01-23T10:59:38Z">
          <reporter-output>
          </reporter-output>
        </test-method> <!-- tc1 -->
      </class> <!-- org.log.TesingMaven -->
    </test> <!-- Default test -->
  </suite> <!-- Default suite -->
</testng-results>
